<?xml version="1.0" encoding="UTF-8"?>
<testsuite xmlns:xsi="http://www.w3.org/2001/XMLSchema-instance" xsi:noNamespaceSchemaLocation="https://maven.apache.org/surefire/maven-surefire-plugin/xsd/surefire-test-report-3.0.xsd" version="3.0" name="com.trybe.acc.java.AreaTest" time="0.018" tests="1" errors="0" skipped="0" failures="1">
  <properties>
[...]
</properties>
  <testcase name="1 - A aplicação pergunta, no terminal, a medida do lado do quadrado" classname="com.trybe.acc.java.AreaTest" time="0.012">
    <failure type="org.opentest4j.AssertionFailedError"><![CDATA[org.opentest4j.AssertionFailedError: expected: <A area do quadrado de lado 3.0 é igual a 9.0> but was: <Digite a medida do lado do quadrado:>
	at com.trybe.acc.java.AreaTest.testeMain(AreaTest.java:36)
]]></failure>
  </testcase>
</testsuite>